
=== init/hadamard ===
Coarse mass: 0.250000
Highlights (target states):
  1001101: 0.007812
  1101101: 0.007812
  1001111: 0.007812
  1011111: 0.007812
  1101111: 0.007812
Top states (global):
  0000000: 0.007812
  0000001: 0.007812
  0000010: 0.007812
  0000011: 0.007812
  0000100: 0.007812
  0000101: 0.007812
  0000110: 0.007812
  0000111: 0.007812
  0001000: 0.007812
  0001001: 0.007812
  0001010: 0.007812
  0001011: 0.007812
Top states (coarse-only):
  0001001: 0.007812
  0001011: 0.007812
  0001101: 0.007812
  0001111: 0.007812
  0011001: 0.007812
  0011011: 0.007812
  0011101: 0.007812
  0011111: 0.007812
  0101001: 0.007812
  0101011: 0.007812
  0101101: 0.007812
  0101111: 0.007812

=== coarse/oracle_1 ===
Coarse mass: 0.250000
Highlights (target states):
  1001101: 0.007812
  1101101: 0.007812
  1001111: 0.007812
  1011111: 0.007812
  1101111: 0.007812
Top states (global):
  0000000: 0.007812
  0000001: 0.007812
  0000010: 0.007812
  0000011: 0.007812
  0000100: 0.007812
  0000101: 0.007812
  0000110: 0.007812
  0000111: 0.007812
  0001000: 0.007812
  0001001: 0.007812
  0001010: 0.007812
  0001011: 0.007812
Top states (coarse-only):
  0001001: 0.007812
  0001011: 0.007812
  0001101: 0.007812
  0001111: 0.007812
  0011001: 0.007812
  0011011: 0.007812
  0011101: 0.007812
  0011111: 0.007812
  0101001: 0.007812
  0101011: 0.007812
  0101101: 0.007812
  0101111: 0.007812

=== coarse/diffuser_1 ===
Coarse mass: 1.000000
Highlights (target states):
  1001101: 0.031250
  1101101: 0.031250
  1001111: 0.031250
  1011111: 0.031250
  1101111: 0.031250
Top states (global):
  0001001: 0.031250
  0001011: 0.031250
  0001101: 0.031250
  0001111: 0.031250
  0011001: 0.031250
  0011011: 0.031250
  0011101: 0.031250
  0011111: 0.031250
  0101001: 0.031250
  0101011: 0.031250
  0101101: 0.031250
  0101111: 0.031250
Top states (coarse-only):
  0001001: 0.031250
  0001011: 0.031250
  0001101: 0.031250
  0001111: 0.031250
  0011001: 0.031250
  0011011: 0.031250
  0011101: 0.031250
  0011111: 0.031250
  0101001: 0.031250
  0101011: 0.031250
  0101101: 0.031250
  0101111: 0.031250

=== fine/oracle_1 ===
Coarse mass: 1.000000
Highlights (target states):
  1001101: 0.031250
  1101101: 0.031250
  1001111: 0.031250
  1011111: 0.031250
  1101111: 0.031250
Top states (global):
  1001001: 0.031250
  1101001: 0.031250
  1111101: 0.031250
  0001001: 0.031250
  1101111: 0.031250
  0101001: 0.031250
  0111111: 0.031250
  1111111: 0.031250
  0001011: 0.031250
  0001101: 0.031250
  0111011: 0.031250
  0101011: 0.031250
Top states (coarse-only):
  1001001: 0.031250
  1101001: 0.031250
  1111101: 0.031250
  0001001: 0.031250
  1101111: 0.031250
  0101001: 0.031250
  0111111: 0.031250
  1111111: 0.031250
  0001011: 0.031250
  0001101: 0.031250
  0111011: 0.031250
  0101011: 0.031250

=== fine/diffuser_1 ===
Coarse mass: 1.000000
Highlights (target states):
  1001101: 0.176270
  1101101: 0.176270
  1001111: 0.176270
  1011111: 0.176270
  1101111: 0.176270
Top states (global):
  1101111: 0.176270
  1001111: 0.176270
  1001101: 0.176270
  1101101: 0.176270
  1011111: 0.176270
  0101101: 0.004395
  0111101: 0.004395
  0111001: 0.004395
  1011011: 0.004395
  0011011: 0.004395
  1111001: 0.004395
  1001011: 0.004395
Top states (coarse-only):
  1101111: 0.176270
  1001111: 0.176270
  1001101: 0.176270
  1101101: 0.176270
  1011111: 0.176270
  0101101: 0.004395
  0111101: 0.004395
  0111001: 0.004395
  1011011: 0.004395
  0011011: 0.004395
  1111001: 0.004395
  1001011: 0.004395
