
=== init/hadamard ===
Coarse mass: 0.250000
Highlights (target states):
  Total highlight prob (p_any): 0.023437
  0001011: 0.007812
  0001001: 0.007812
  1001001: 0.007812
Top states (global):
  0000000: 0.007812
  0000001: 0.007812
  0000010: 0.007812
  0000011: 0.007812
  0000100: 0.007812
  0000101: 0.007812
  0000110: 0.007812
  0000111: 0.007812
  0001000: 0.007812
  0001001: 0.007812
  0001010: 0.007812
  0001011: 0.007812
Top states (coarse-only):
  0001001: 0.007812
  0001011: 0.007812
  0001101: 0.007812
  0001111: 0.007812
  0011001: 0.007812
  0011011: 0.007812
  0011101: 0.007812
  0011111: 0.007812
  0101001: 0.007812
  0101011: 0.007812
  0101101: 0.007812
  0101111: 0.007812

=== coarse/oracle_1 ===
Coarse mass: 0.250000
Highlights (target states):
  Total highlight prob (p_any): 0.023437
  0001011: 0.007812
  0001001: 0.007812
  1001001: 0.007812
Top states (global):
  0000000: 0.007812
  0000001: 0.007812
  0000010: 0.007812
  0000011: 0.007812
  0000100: 0.007812
  0000101: 0.007812
  0000110: 0.007812
  0000111: 0.007812
  0001000: 0.007812
  0001001: 0.007812
  0001010: 0.007812
  0001011: 0.007812
Top states (coarse-only):
  0001001: 0.007812
  0001011: 0.007812
  0001101: 0.007812
  0001111: 0.007812
  0011001: 0.007812
  0011011: 0.007812
  0011101: 0.007812
  0011111: 0.007812
  0101001: 0.007812
  0101011: 0.007812
  0101101: 0.007812
  0101111: 0.007812

=== coarse/diffuser_1 ===
Coarse mass: 1.000000
Highlights (target states):
  Total highlight prob (p_any): 0.093750
  0001011: 0.031250
  0001001: 0.031250
  1001001: 0.031250
Top states (global):
  0001001: 0.031250
  0001011: 0.031250
  0001101: 0.031250
  0001111: 0.031250
  0011001: 0.031250
  0011011: 0.031250
  0011101: 0.031250
  0011111: 0.031250
  0101001: 0.031250
  0101011: 0.031250
  0101101: 0.031250
  0101111: 0.031250
Top states (coarse-only):
  0001001: 0.031250
  0001011: 0.031250
  0001101: 0.031250
  0001111: 0.031250
  0011001: 0.031250
  0011011: 0.031250
  0011101: 0.031250
  0011111: 0.031250
  0101001: 0.031250
  0101011: 0.031250
  0101101: 0.031250
  0101111: 0.031250

=== fine/oracle_1 ===
Coarse mass: 1.000000
Highlights (target states):
  Total highlight prob (p_any): 0.093750
  0001011: 0.031250
  0001001: 0.031250
  1001001: 0.031250
Top states (global):
  1111111: 0.031250
  0011101: 0.031250
  1101111: 0.031250
  0111111: 0.031250
  1001111: 0.031250
  1111011: 0.031250
  1011001: 0.031250
  1011011: 0.031250
  1101101: 0.031250
  0111001: 0.031250
  1111001: 0.031250
  1001101: 0.031250
Top states (coarse-only):
  1111111: 0.031250
  0011101: 0.031250
  1101111: 0.031250
  0111111: 0.031250
  1001111: 0.031250
  1111011: 0.031250
  1011001: 0.031250
  1011011: 0.031250
  1101101: 0.031250
  0111001: 0.031250
  1111001: 0.031250
  1001101: 0.031250

=== fine/diffuser_1 ===
Coarse mass: 1.000000
Highlights (target states):
  Total highlight prob (p_any): 0.645996
  0001011: 0.215332
  0001001: 0.215332
  1001001: 0.215332
Top states (global):
  0001011: 0.215332
  1001001: 0.215332
  0001001: 0.215332
  0101001: 0.012207
  1101011: 0.012207
  1011101: 0.012207
  0001101: 0.012207
  1001011: 0.012207
  0011001: 0.012207
  0011011: 0.012207
  1101001: 0.012207
  0101101: 0.012207
Top states (coarse-only):
  0001011: 0.215332
  1001001: 0.215332
  0001001: 0.215332
  0101001: 0.012207
  1101011: 0.012207
  1011101: 0.012207
  0001101: 0.012207
  1001011: 0.012207
  0011001: 0.012207
  0011011: 0.012207
  1101001: 0.012207
  0101101: 0.012207

=== fine/oracle_2 ===
Coarse mass: 1.000000
Highlights (target states):
  Total highlight prob (p_any): 0.645996
  0001011: 0.215332
  0001001: 0.215332
  1001001: 0.215332
Top states (global):
  0001001: 0.215332
  1001001: 0.215332
  0001011: 0.215332
  1011101: 0.012207
  1101011: 0.012207
  0101011: 0.012207
  0101001: 0.012207
  0001101: 0.012207
  0011111: 0.012207
  0101111: 0.012207
  0001111: 0.012207
  0011011: 0.012207
Top states (coarse-only):
  0001001: 0.215332
  1001001: 0.215332
  0001011: 0.215332
  1011101: 0.012207
  1101011: 0.012207
  0101011: 0.012207
  0101001: 0.012207
  0001101: 0.012207
  0011111: 0.012207
  0101111: 0.012207
  0001111: 0.012207
  0011011: 0.012207

=== fine/diffuser_2 ===
Coarse mass: 1.000000
Highlights (target states):
  Total highlight prob (p_any): 0.999779
  0001011: 0.333260
  0001001: 0.333260
  1001001: 0.333260
Top states (global):
  0001001: 0.333260
  1001001: 0.333260
  0001011: 0.333260
  1011001: 0.000008
  0011001: 0.000008
  1011011: 0.000008
  1001011: 0.000008
  1101001: 0.000008
  1001101: 0.000008
  0111001: 0.000008
  1111011: 0.000008
  0011101: 0.000008
Top states (coarse-only):
  0001001: 0.333260
  1001001: 0.333260
  0001011: 0.333260
  1011001: 0.000008
  0011001: 0.000008
  1011011: 0.000008
  1001011: 0.000008
  1101001: 0.000008
  1001101: 0.000008
  0111001: 0.000008
  1111011: 0.000008
  0011101: 0.000008
